2026-07-19 00:17:37,358 [WARNING] discord.client: PyNaCl is not installed, voice will NOT be supported
2026-07-19 00:17:37,358 [WARNING] discord.client: davey is not installed, voice will NOT be supported
2026-07-19 00:17:37,358 [INFO] discord.client: logging in using static token
2026-07-19 00:17:38,008 [INFO] OBT: ✅ تم تحميل: cogs.moderation
2026-07-19 00:17:38,012 [INFO] OBT: ✅ تم تحميل: cogs.logs
2026-07-19 00:17:38,023 [INFO] OBT: ✅ تم تحميل: cogs.protection
2026-07-19 00:17:38,028 [INFO] OBT: ✅ تم تحميل: cogs.tickets
2026-07-19 00:17:38,033 [INFO] OBT: ✅ تم تحميل: cogs.points
2026-07-19 00:17:38,036 [ERROR] OBT: ❌ فشل تحميل cogs.clans: Extension 'cogs.clans' raised an error: SyntaxError: f-string expression part cannot include a backslash (clans.py, line 150)
2026-07-19 00:17:38,041 [INFO] OBT: ✅ تم تحميل: cogs.content_creators
2026-07-19 00:17:38,047 [INFO] OBT: ✅ تم تحميل: cogs.general
2026-07-19 00:17:38,053 [INFO] OBT: ✅ تم تحميل: cogs.interactions
2026-07-19 00:17:38,059 [INFO] OBT: ✅ تم تحميل: cogs.settings
2026-07-19 00:17:38,586 [INFO] OBT: 🔄 تمت مزامنة 39 أمر Slash
2026-07-19 00:18:22,135 [WARNING] discord.client: PyNaCl is not installed, voice will NOT be supported
2026-07-19 00:18:22,135 [WARNING] discord.client: davey is not installed, voice will NOT be supported
2026-07-19 00:18:22,135 [INFO] discord.client: logging in using static token
2026-07-19 00:18:22,477 [INFO] OBT: ✅ تم تحميل: cogs.moderation
2026-07-19 00:18:22,478 [INFO] OBT: ✅ تم تحميل: cogs.logs
2026-07-19 00:18:22,480 [INFO] OBT: ✅ تم تحميل: cogs.protection
2026-07-19 00:18:22,481 [INFO] OBT: ✅ تم تحميل: cogs.tickets
2026-07-19 00:18:22,483 [INFO] OBT: ✅ تم تحميل: cogs.points
2026-07-19 00:18:22,487 [INFO] OBT: ✅ تم تحميل: cogs.clans
2026-07-19 00:18:22,487 [INFO] OBT: ✅ تم تحميل: cogs.content_creators
2026-07-19 00:18:22,489 [INFO] OBT: ✅ تم تحميل: cogs.general
2026-07-19 00:18:22,490 [INFO] OBT: ✅ تم تحميل: cogs.interactions
2026-07-19 00:18:22,491 [INFO] OBT: ✅ تم تحميل: cogs.settings
2026-07-19 00:18:22,739 [INFO] OBT: 🔄 تمت مزامنة 47 أمر Slash
2026-07-19 00:18:22,957 [INFO] discord.gateway: Shard ID None has connected to Gateway (Session ID: e18c3243157ff865f1ae3243c85d7f00).
2026-07-19 00:18:24,975 [INFO] OBT: 🚀 OBT System جاهز | OBT System#2355 (1528051499903484044)
2026-07-19 00:18:24,975 [INFO] OBT: 📊 متصل بـ 2 سيرفر
2026-07-19 00:20:00,107 [ERROR] discord.client: Ignoring exception in on_message
Traceback (most recent call last):
  File "/home/runner/workspace/.pythonlibs/lib/python3.11/site-packages/discord/client.py", line 508, in _run_event
    await coro(*args, **kwargs)
  File "/home/runner/workspace/.pythonlibs/lib/python3.11/site-packages/discord/ext/commands/bot.py", line 1421, in on_message
    await self.process_commands(message)
  File "/home/runner/workspace/.pythonlibs/lib/python3.11/site-packages/discord/ext/commands/bot.py", line 1416, in process_commands
    ctx = await self.get_context(message)
          ^^^^^^^^^^^^^^^^^^^^^^^^^^^^^^^
  File "/home/runner/workspace/.pythonlibs/lib/python3.11/site-packages/discord/ext/commands/bot.py", line 1315, in get_context
    prefix = await self.get_prefix(origin)
                   ^^^^^^^^^^^^^^^^^^^^^^^
TypeError: OBTSystem.get_prefix() missing 1 required positional argument: 'message'
2026-07-19 00:20:06,790 [ERROR] discord.client: Ignoring exception in on_message
Traceback (most recent call last):
  File "/home/runner/workspace/.pythonlibs/lib/python3.11/site-packages/discord/client.py", line 508, in _run_event
    await coro(*args, **kwargs)
  File "/home/runner/workspace/.pythonlibs/lib/python3.11/site-packages/discord/ext/commands/bot.py", line 1421, in on_message
    await self.process_commands(message)
  File "/home/runner/workspace/.pythonlibs/lib/python3.11/site-packages/discord/ext/commands/bot.py", line 1416, in process_commands
    ctx = await self.get_context(message)
          ^^^^^^^^^^^^^^^^^^^^^^^^^^^^^^^
  File "/home/runner/workspace/.pythonlibs/lib/python3.11/site-packages/discord/ext/commands/bot.py", line 1315, in get_context
    prefix = await self.get_prefix(origin)
                   ^^^^^^^^^^^^^^^^^^^^^^^
TypeError: OBTSystem.get_prefix() missing 1 required positional argument: 'message'
2026-07-19 00:21:47,644 [ERROR] discord.client: Ignoring exception in on_message
Traceback (most recent call last):
  File "/home/runner/workspace/.pythonlibs/lib/python3.11/site-packages/discord/client.py", line 508, in _run_event
    await coro(*args, **kwargs)
  File "/home/runner/workspace/.pythonlibs/lib/python3.11/site-packages/discord/ext/commands/bot.py", line 1421, in on_message
    await self.process_commands(message)
  File "/home/runner/workspace/.pythonlibs/lib/python3.11/site-packages/discord/ext/commands/bot.py", line 1416, in process_commands
    ctx = await self.get_context(message)
          ^^^^^^^^^^^^^^^^^^^^^^^^^^^^^^^
  File "/home/runner/workspace/.pythonlibs/lib/python3.11/site-packages/discord/ext/commands/bot.py", line 1315, in get_context
    prefix = await self.get_prefix(origin)
                   ^^^^^^^^^^^^^^^^^^^^^^^
TypeError: OBTSystem.get_prefix() missing 1 required positional argument: 'message'
2026-07-19 00:36:08,915 [WARNING] discord.client: PyNaCl is not installed, voice will NOT be supported
2026-07-19 00:36:08,979 [WARNING] discord.client: davey is not installed, voice will NOT be supported
2026-07-19 00:36:08,979 [INFO] discord.client: logging in using static token
2026-07-19 00:36:09,258 [INFO] OBT: ✅ تم تحميل: cogs.moderation
2026-07-19 00:36:09,260 [INFO] OBT: ✅ تم تحميل: cogs.logs
2026-07-19 00:36:09,264 [INFO] OBT: ✅ تم تحميل: cogs.protection
2026-07-19 00:36:09,266 [INFO] OBT: ✅ تم تحميل: cogs.tickets
2026-07-19 00:36:09,269 [INFO] OBT: ✅ تم تحميل: cogs.points
2026-07-19 00:36:09,271 [INFO] OBT: ✅ تم تحميل: cogs.clans
2026-07-19 00:36:09,273 [INFO] OBT: ✅ تم تحميل: cogs.content_creators
2026-07-19 00:36:09,275 [INFO] OBT: ✅ تم تحميل: cogs.general
2026-07-19 00:36:09,278 [INFO] OBT: ✅ تم تحميل: cogs.interactions
2026-07-19 00:36:09,281 [INFO] OBT: ✅ تم تحميل: cogs.settings
2026-07-19 00:36:09,534 [INFO] OBT: 🔄 تمت مزامنة 47 أمر Slash
2026-07-19 00:36:09,790 [INFO] discord.gateway: Shard ID None has connected to Gateway (Session ID: 5d4746574bc946d15a96a8a533b43bb2).
2026-07-19 00:36:11,807 [INFO] OBT: 🚀 OBT System جاهز | OBT System#2355 (1528051499903484044)
2026-07-19 00:36:11,807 [INFO] OBT: 📊 متصل بـ 2 سيرفر
2026-07-19 04:26:52,295 [WARNING] discord.client: PyNaCl is not installed, voice will NOT be supported
2026-07-19 04:26:52,296 [WARNING] discord.client: davey is not installed, voice will NOT be supported
2026-07-19 04:26:52,298 [INFO] discord.client: logging in using static token
2026-07-19 04:26:53,567 [INFO] OBT: ✅ تم تحميل: cogs.anti_raid
2026-07-19 04:26:53,582 [INFO] OBT: ✅ تم تحميل: cogs.moderation
2026-07-19 04:26:53,584 [INFO] OBT: ✅ تم تحميل: cogs.logs
2026-07-19 04:26:53,590 [INFO] OBT: ✅ تم تحميل: cogs.protection
2026-07-19 04:26:53,593 [INFO] OBT: ✅ تم تحميل: cogs.tickets
2026-07-19 04:26:53,594 [INFO] OBT: ✅ تم تحميل: cogs.points
2026-07-19 04:26:53,599 [INFO] OBT: ✅ تم تحميل: cogs.leveling
2026-07-19 04:26:53,602 [ERROR] OBT: ❌ فشل تحميل cogs.economy: Extension 'cogs.economy' raised an error: SyntaxError: f-string: expecting '}' (economy.py, line 289)
2026-07-19 04:26:53,615 [INFO] OBT: ✅ تم تحميل: cogs.fun
2026-07-19 04:26:53,618 [INFO] OBT: ✅ تم تحميل: cogs.clans
2026-07-19 04:26:53,622 [INFO] OBT: ✅ تم تحميل: cogs.content_creators
2026-07-19 04:26:53,624 [INFO] OBT: ✅ تم تحميل: cogs.general
2026-07-19 04:26:53,626 [INFO] OBT: ✅ تم تحميل: cogs.interactions
2026-07-19 04:26:53,629 [INFO] OBT: ✅ تم تحميل: cogs.settings
2026-07-19 04:26:54,090 [INFO] OBT: 🔄 تمت مزامنة 60 أمر Slash
2026-07-19 04:26:54,359 [INFO] discord.gateway: Shard ID None has connected to Gateway (Session ID: 478f7a424ce22c60b40c9cf1778663d5).
2026-07-19 04:26:56,374 [INFO] OBT: 🚀 OBT System جاهز | OBT System#2355 (1528051499903484044)
2026-07-19 04:26:56,374 [INFO] OBT: 📊 متصل بـ 2 سيرفر
2026-07-19 05:14:47,906 [WARNING] discord.client: PyNaCl is not installed, voice will NOT be supported
2026-07-19 05:14:47,907 [WARNING] discord.client: davey is not installed, voice will NOT be supported
2026-07-19 05:14:47,907 [INFO] discord.client: logging in using static token
2026-07-19 05:14:48,150 [INFO] OBT: ✅ تم تحميل: cogs.anti_raid
2026-07-19 05:14:48,158 [INFO] OBT: ✅ تم تحميل: cogs.moderation
2026-07-19 05:14:48,160 [INFO] OBT: ✅ تم تحميل: cogs.logs
2026-07-19 05:14:48,162 [INFO] OBT: ✅ تم تحميل: cogs.protection
2026-07-19 05:14:48,168 [INFO] OBT: ✅ تم تحميل: cogs.tickets
2026-07-19 05:14:48,171 [INFO] OBT: ✅ تم تحميل: cogs.points
2026-07-19 05:14:48,173 [INFO] OBT: ✅ تم تحميل: cogs.leveling
2026-07-19 05:14:48,180 [ERROR] OBT: ❌ فشل تحميل cogs.economy: Extension 'cogs.economy' raised an error: SyntaxError: f-string: expecting '}' (economy.py, line 289)
2026-07-19 05:14:48,184 [INFO] OBT: ✅ تم تحميل: cogs.fun
2026-07-19 05:14:48,189 [INFO] OBT: ✅ تم تحميل: cogs.clans
2026-07-19 05:14:48,192 [INFO] OBT: ✅ تم تحميل: cogs.content_creators
2026-07-19 05:14:48,198 [INFO] OBT: ✅ تم تحميل: cogs.general
2026-07-19 05:14:48,201 [INFO] OBT: ✅ تم تحميل: cogs.interactions
2026-07-19 05:14:48,206 [INFO] OBT: ✅ تم تحميل: cogs.settings
2026-07-19 05:14:48,474 [INFO] OBT: 🔄 تمت مزامنة 60 أمر Slash
2026-07-19 05:14:49,454 [INFO] discord.gateway: Shard ID None has connected to Gateway (Session ID: 184e8ddb16aeab75f055aaada9956788).
2026-07-19 05:14:51,477 [INFO] OBT: 🚀 OBT System جاهز | OBT System#2355 (1528051499903484044)
2026-07-19 05:14:51,477 [INFO] OBT: 📊 متصل بـ 2 سيرفر
2026-07-19 05:34:45,612 [WARNING] discord.client: PyNaCl is not installed, voice will NOT be supported
2026-07-19 05:34:45,613 [WARNING] discord.client: davey is not installed, voice will NOT be supported
2026-07-19 05:34:45,613 [INFO] discord.client: logging in using static token
2026-07-19 05:34:46,030 [INFO] OBT: ✅ تم تحميل: cogs.anti_raid
2026-07-19 05:34:46,039 [INFO] OBT: ✅ تم تحميل: cogs.moderation
2026-07-19 05:34:46,043 [INFO] OBT: ✅ تم تحميل: cogs.logs
2026-07-19 05:34:46,048 [INFO] OBT: ✅ تم تحميل: cogs.protection
2026-07-19 05:34:46,078 [INFO] OBT: ✅ تم تحميل: cogs.tickets
2026-07-19 05:34:46,083 [INFO] OBT: ✅ تم تحميل: cogs.points
2026-07-19 05:34:46,092 [INFO] OBT: ✅ تم تحميل: cogs.leveling
2026-07-19 05:34:46,120 [ERROR] OBT: ❌ فشل تحميل cogs.economy: Extension 'cogs.economy' raised an error: SyntaxError: f-string: expecting '}' (economy.py, line 289)
2026-07-19 05:34:46,131 [INFO] OBT: ✅ تم تحميل: cogs.fun
2026-07-19 05:34:46,146 [INFO] OBT: ✅ تم تحميل: cogs.clans
2026-07-19 05:34:46,148 [INFO] OBT: ✅ تم تحميل: cogs.content_creators
2026-07-19 05:34:46,151 [INFO] OBT: ✅ تم تحميل: cogs.general
2026-07-19 05:34:46,156 [INFO] OBT: ✅ تم تحميل: cogs.interactions
2026-07-19 05:34:46,161 [INFO] OBT: ✅ تم تحميل: cogs.settings
2026-07-19 05:34:46,435 [INFO] OBT: 🔄 تمت مزامنة 60 أمر Slash
2026-07-19 05:34:46,816 [INFO] discord.gateway: Shard ID None has connected to Gateway (Session ID: 490885483bed5f37b1f338c037726c9c).
2026-07-19 05:34:48,840 [INFO] OBT: 🚀 OBT System جاهز | OBT System#2355 (1528051499903484044)
2026-07-19 05:34:48,841 [INFO] OBT: 📊 متصل بـ 2 سيرفر
2026-07-19 07:12:58,784 [WARNING] discord.client: PyNaCl is not installed, voice will NOT be supported
2026-07-19 07:12:58,786 [WARNING] discord.client: davey is not installed, voice will NOT be supported
2026-07-19 07:12:58,786 [INFO] discord.client: logging in using static token
2026-07-19 07:12:59,162 [INFO] OBT: ✅ تم تحميل: cogs.anti_raid
2026-07-19 07:12:59,170 [INFO] OBT: ✅ تم تحميل: cogs.moderation
2026-07-19 07:12:59,174 [INFO] OBT: ✅ تم تحميل: cogs.logs
2026-07-19 07:12:59,179 [INFO] OBT: ✅ تم تحميل: cogs.protection
2026-07-19 07:12:59,185 [INFO] OBT: ✅ تم تحميل: cogs.tickets
2026-07-19 07:12:59,188 [INFO] OBT: ✅ تم تحميل: cogs.points
2026-07-19 07:12:59,192 [INFO] OBT: ✅ تم تحميل: cogs.leveling
2026-07-19 07:12:59,197 [ERROR] OBT: ❌ فشل تحميل cogs.economy: Extension 'cogs.economy' raised an error: SyntaxError: f-string: expecting '}' (economy.py, line 289)
2026-07-19 07:12:59,202 [INFO] OBT: ✅ تم تحميل: cogs.fun
2026-07-19 07:12:59,211 [INFO] OBT: ✅ تم تحميل: cogs.clans
2026-07-19 07:12:59,213 [INFO] OBT: ✅ تم تحميل: cogs.content_creators
2026-07-19 07:12:59,217 [INFO] OBT: ✅ تم تحميل: cogs.general
2026-07-19 07:12:59,222 [INFO] OBT: ✅ تم تحميل: cogs.interactions
2026-07-19 07:12:59,231 [INFO] OBT: ✅ تم تحميل: cogs.settings
2026-07-19 07:12:59,527 [INFO] OBT: 🔄 تمت مزامنة 60 أمر Slash
2026-07-19 07:12:59,967 [INFO] discord.gateway: Shard ID None has connected to Gateway (Session ID: 98e96e5a74f91312424f44ea91f4141f).
2026-07-19 07:13:01,992 [INFO] OBT: 🚀 OBT System جاهز | OBT System#2355 (1528051499903484044)
2026-07-19 07:13:01,992 [INFO] OBT: 📊 متصل بـ 2 سيرفر
2026-07-19 07:14:08,388 [ERROR] discord.app_commands.tree: Ignoring exception in command 'عرض'
Traceback (most recent call last):
  File "/home/runner/workspace/.pythonlibs/lib/python3.11/site-packages/discord/app_commands/commands.py", line 858, in _do_call
    return await self._callback(self.binding, interaction, **params)  # type: ignore
           ^^^^^^^^^^^^^^^^^^^^^^^^^^^^^^^^^^^^^^^^^^^^^^^^^^^^^^^^^
  File "/home/runner/workspace/bots/obt-system/cogs/protection.py", line 301, in show_protection
    embed.add_field(name='🤬 فلتر الكلمات', value=s(p.get('anti_bad_words', 0)), inline=True)
                                                    ^^^^^
AttributeError: 'sqlite3.Row' object has no attribute 'get'

The above exception was the direct cause of the following exception:

Traceback (most recent call last):
  File "/home/runner/workspace/.pythonlibs/lib/python3.11/site-packages/discord/app_commands/tree.py", line 1302, in _call
    await command._invoke_with_namespace(interaction, namespace)
  File "/home/runner/workspace/.pythonlibs/lib/python3.11/site-packages/discord/app_commands/commands.py", line 884, in _invoke_with_namespace
    return await self._do_call(interaction, transformed_values)
           ^^^^^^^^^^^^^^^^^^^^^^^^^^^^^^^^^^^^^^^^^^^^^^^^^^^^
  File "/home/runner/workspace/.pythonlibs/lib/python3.11/site-packages/discord/app_commands/commands.py", line 877, in _do_call
    raise CommandInvokeError(self, e) from e
discord.app_commands.errors.CommandInvokeError: Command 'عرض' raised an exception: AttributeError: 'sqlite3.Row' object has no attribute 'get'
2026-07-19 22:40:42,530 [WARNING] discord.client: PyNaCl is not installed, voice will NOT be supported
2026-07-19 22:40:42,532 [WARNING] discord.client: davey is not installed, voice will NOT be supported
2026-07-19 22:40:42,532 [INFO] discord.client: logging in using static token
2026-07-19 22:40:42,828 [INFO] OBT: ✅ تم تحميل: cogs.anti_raid
2026-07-19 22:40:42,833 [INFO] OBT: ✅ تم تحميل: cogs.moderation
2026-07-19 22:40:42,834 [INFO] OBT: ✅ تم تحميل: cogs.logs
2026-07-19 22:40:42,837 [INFO] OBT: ✅ تم تحميل: cogs.protection
2026-07-19 22:40:42,842 [INFO] OBT: ✅ تم تحميل: cogs.tickets
2026-07-19 22:40:42,844 [INFO] OBT: ✅ تم تحميل: cogs.points
2026-07-19 22:40:42,846 [INFO] OBT: ✅ تم تحميل: cogs.leveling
2026-07-19 22:40:42,850 [ERROR] OBT: ❌ فشل تحميل cogs.economy: Extension 'cogs.economy' raised an error: SyntaxError: f-string: expecting '}' (economy.py, line 289)
2026-07-19 22:40:42,854 [INFO] OBT: ✅ تم تحميل: cogs.fun
2026-07-19 22:40:42,858 [INFO] OBT: ✅ تم تحميل: cogs.clans
2026-07-19 22:40:42,861 [INFO] OBT: ✅ تم تحميل: cogs.content_creators
2026-07-19 22:40:42,863 [INFO] OBT: ✅ تم تحميل: cogs.general
2026-07-19 22:40:42,866 [INFO] OBT: ✅ تم تحميل: cogs.interactions
2026-07-19 22:40:42,872 [INFO] OBT: ✅ تم تحميل: cogs.settings
2026-07-19 22:40:43,176 [INFO] OBT: 🔄 تمت مزامنة 60 أمر Slash
2026-07-19 22:40:43,436 [INFO] discord.gateway: Shard ID None has connected to Gateway (Session ID: a6150b7a51ea9212cf36eaf3c8a3d21c).
2026-07-19 22:40:45,488 [INFO] OBT: 🚀 OBT System جاهز | OBT System#2355 (1528051499903484044)
2026-07-19 22:40:45,488 [INFO] OBT: 📊 متصل بـ 2 سيرفر
2026-07-19 23:41:11,907 [WARNING] discord.client: PyNaCl is not installed, voice will NOT be supported
2026-07-19 23:41:11,908 [WARNING] discord.client: davey is not installed, voice will NOT be supported
2026-07-19 23:41:11,908 [INFO] discord.client: logging in using static token
2026-07-19 23:41:12,447 [INFO] OBT: ✅ تم تحميل: cogs.anti_raid
2026-07-19 23:41:12,456 [INFO] OBT: ✅ تم تحميل: cogs.moderation
2026-07-19 23:41:12,458 [INFO] OBT: ✅ تم تحميل: cogs.logs
2026-07-19 23:41:12,462 [INFO] OBT: ✅ تم تحميل: cogs.protection
2026-07-19 23:41:12,469 [INFO] OBT: ✅ تم تحميل: cogs.tickets
2026-07-19 23:41:12,475 [INFO] OBT: ✅ تم تحميل: cogs.points
2026-07-19 23:41:12,481 [INFO] OBT: ✅ تم تحميل: cogs.leveling
2026-07-19 23:41:12,491 [ERROR] OBT: ❌ فشل تحميل cogs.economy: Extension 'cogs.economy' raised an error: SyntaxError: f-string: expecting '}' (economy.py, line 289)
2026-07-19 23:41:12,497 [INFO] OBT: ✅ تم تحميل: cogs.fun
2026-07-19 23:41:12,502 [INFO] OBT: ✅ تم تحميل: cogs.clans
2026-07-19 23:41:12,509 [INFO] OBT: ✅ تم تحميل: cogs.content_creators
2026-07-19 23:41:12,512 [INFO] OBT: ✅ تم تحميل: cogs.general
2026-07-19 23:41:12,516 [INFO] OBT: ✅ تم تحميل: cogs.interactions
2026-07-19 23:41:12,519 [INFO] OBT: ✅ تم تحميل: cogs.settings
2026-07-19 23:41:12,852 [INFO] OBT: 🔄 تمت مزامنة 60 أمر Slash
2026-07-19 23:41:13,146 [INFO] discord.gateway: Shard ID None has connected to Gateway (Session ID: 42dc63ea481829c641fdc74113a7c019).
2026-07-19 23:41:15,181 [INFO] OBT: 🚀 OBT System جاهز | OBT System#2355 (1528051499903484044)
2026-07-19 23:41:15,182 [INFO] OBT: 📊 متصل بـ 2 سيرفر
2026-07-19 23:58:24,934 [WARNING] discord.client: PyNaCl is not installed, voice will NOT be supported
2026-07-19 23:58:24,936 [WARNING] discord.client: davey is not installed, voice will NOT be supported
2026-07-19 23:58:24,936 [INFO] discord.client: logging in using static token
